<?xml version="1.0" encoding="UTF-8"?>
<!-- Generated by org.testng.reporters.JUnitReportReporter -->
<testsuite hostname="PF-Home-PC" failures="0" tests="1" name="com.testscenarios.FBlogin" time="1.008" errors="0" timestamp="2023-12-12T06:26:06 MST" skipped="0">
  <testcase classname="com.testscenarios.FBlogin" name="fblogin" time="1.008"/>
  <system-out/>
</testsuite> <!-- com.testscenarios.FBlogin -->
