<?xml version="1.0" encoding="UTF-8"?>
<!-- Generated by org.testng.reporters.JUnitReportReporter -->
<testsuite hostname="PF-Home-PC" failures="0" tests="1" name="com.testscenarios.StqaTools" time="13.167" errors="0" timestamp="2023-12-06T00:18:08 MST" skipped="0">
  <testcase classname="com.testscenarios.StqaTools" name="stqa" time="13.167"/>
  <system-out/>
</testsuite> <!-- com.testscenarios.StqaTools -->
