<?xml version="1.0" encoding="UTF-8"?>
<!-- Generated by org.testng.reporters.JUnitReportReporter -->
<testsuite hostname="PF-Home-PC" failures="0" tests="1" name="com.testscenarios.OrangeHRM" time="8.448" errors="0" timestamp="2023-12-12T06:47:51 MST" skipped="0">
  <testcase classname="com.testscenarios.OrangeHRM" name="orangehrm" time="8.448"/>
  <system-out/>
</testsuite> <!-- com.testscenarios.OrangeHRM -->
