<?xml version="1.0" encoding="UTF-8"?>
<!-- Generated by org.testng.reporters.JUnitReportReporter -->
<testsuite hostname="PF-Home-PC" failures="0" tests="1" name="com.testscenarios.StqaTools" time="14.916" errors="0" timestamp="2023-12-12T06:22:00 MST" skipped="0">
  <testcase classname="com.testscenarios.StqaTools" name="stqa" time="14.916"/>
  <system-out/>
</testsuite> <!-- com.testscenarios.StqaTools -->
